#
# There is insufficient memory for the Java Runtime Environment to continue.
# Native memory allocation (mmap) failed to map 199229440 bytes for G1 virtual space
# Possible reasons:
#   The system is out of physical RAM or swap space
#   The process is running with CompressedOops enabled, and the Java Heap may be blocking the growth of the native heap
# Possible solutions:
#   Reduce memory load on the system
#   Increase physical memory or swap space
#   Check if swap backing store is full
#   Decrease Java heap size (-Xmx/-Xms)
#   Decrease number of Java threads
#   Decrease Java thread stack sizes (-Xss)
#   Set larger code cache with -XX:ReservedCodeCacheSize=
#   JVM is running with Zero Based Compressed Oops mode in which the Java heap is
#     placed in the first 32GB address space. The Java Heap base address is the
#     maximum limit for the native heap growth. Please use -XX:HeapBaseMinAddress
#     to set the Java Heap base and to place the Java Heap above 32GB virtual address.
# This output file may be truncated or incomplete.
#
#  Out of Memory Error (os_windows.cpp:3552), pid=26720, tid=18708
#
# JRE version:  (17.0.9+11) (build )
# Java VM: Java HotSpot(TM) 64-Bit Server VM (17.0.9+11-LTS-201, mixed mode, sharing, tiered, compressed oops, compressed class ptrs, g1 gc, windows-amd64)
# No core dump will be written. Minidumps are not enabled by default on client versions of Windows
#

---------------  S U M M A R Y ------------

Command Line: -Dfile.encoding=UTF-8 -Dstdout.encoding=UTF-8 -Dstderr.encoding=UTF-8 -XX:+ShowCodeDetailsInExceptionMessages com.example.SecureLogin.Main

Host: Intel(R) Core(TM) i5-7200U CPU @ 2.50GHz, 4 cores, 11G,  Windows 11 , 64 bit Build 25267 (10.0.25267.1000)
Time: Mon Nov  4 18:58:37 2024 India Standard Time elapsed time: 0.335871 seconds (0d 0h 0m 0s)

---------------  T H R E A D  ---------------

Current thread (0x0000028ce3fb0990):  JavaThread "Unknown thread" [_thread_in_vm, id=18708, stack(0x000000c9b0d00000,0x000000c9b0e00000)]

Stack: [0x000000c9b0d00000,0x000000c9b0e00000]
Native frames: (J=compiled Java code, j=interpreted, Vv=VM code, C=native code)
V  [jvm.dll+0x678a4a]
V  [jvm.dll+0x7d9cfd]
V  [jvm.dll+0x7db60e]
V  [jvm.dll+0x7dbc73]
V  [jvm.dll+0x245e1f]
V  [jvm.dll+0x6758f9]
V  [jvm.dll+0x66a2a2]
V  [jvm.dll+0x303686]
V  [jvm.dll+0x30ac06]
V  [jvm.dll+0x35a48e]
V  [jvm.dll+0x35a6bf]
V  [jvm.dll+0x2da678]
V  [jvm.dll+0x2db5e4]
V  [jvm.dll+0x7ab6b1]
V  [jvm.dll+0x368041]
V  [jvm.dll+0x78a749]
V  [jvm.dll+0x3ebd4f]
V  [jvm.dll+0x3ed7d1]
C  [jli.dll+0x5297]
C  [ucrtbase.dll+0x2b11b]
C  [KERNEL32.DLL+0x13d2d]
C  [ntdll.dll+0x4d838]


---------------  P R O C E S S  ---------------

Threads class SMR info:
_java_thread_list=0x00007ffcb4e889d8, length=0, elements={
}

Java Threads: ( => current thread )

Other Threads:
  0x0000028ce4002b90 GCTaskThread "GC Thread#0" [stack: 0x000000c9b0e00000,0x000000c9b0f00000] [id=24364]
  0x0000028ce400f730 ConcurrentGCThread "G1 Main Marker" [stack: 0x000000c9b0f00000,0x000000c9b1000000] [id=18332]
  0x0000028ce40129c0 ConcurrentGCThread "G1 Conc#0" [stack: 0x000000c9b1000000,0x000000c9b1100000] [id=23640]

[error occurred during error reporting (printing all threads), id 0xc0000005, EXCEPTION_ACCESS_VIOLATION (0xc0000005) at pc=0x00007ffcb46bb2d7]

VM state: not at safepoint (not fully initialized)

VM Mutex/Monitor currently owned by a thread:  ([mutex/lock_event])
[0x0000028ce3fad290] Heap_lock - owner thread: 0x0000028ce3fb0990

Heap address: 0x0000000743a00000, size: 3014 MB, Compressed Oops mode: Zero based, Oop shift amount: 3

CDS archive(s) mapped at: [0x0000000000000000-0x0000000000000000-0x0000000000000000), size 0, SharedBaseAddress: 0x0000000800000000, ArchiveRelocationMode: 1.
Narrow klass base: 0x0000000000000000, Narrow klass shift: 0, Narrow klass range: 0x0

GC Precious Log:
<Empty>

Heap:
 garbage-first heap   total 0K, used 0K [0x0000000743a00000, 0x0000000800000000)
  region size 2048K, 0 young (0K), 0 survivors (0K)

[error occurred during error reporting (printing heap information), id 0xc0000005, EXCEPTION_ACCESS_VIOLATION (0xc0000005) at pc=0x00007ffcb4aa2229]

GC Heap History (0 events):
No events

Deoptimization events (0 events):
No events

Classes unloaded (0 events):
No events

Classes redefined (0 events):
No events

Internal exceptions (0 events):
No events

VM Operations (0 events):
No events

Events (1 events):
Event: 0.032 Loaded shared library C:\Program Files\Java\jdk-17\bin\java.dll


Dynamic libraries:
0x00007ff74d200000 - 0x00007ff74d210000 	C:\Program Files\Java\jdk-17\bin\javaw.exe
0x00007ffd1d790000 - 0x00007ffd1d9a5000 	C:\WINDOWS\SYSTEM32\ntdll.dll
0x00007ffd1c680000 - 0x00007ffd1c745000 	C:\WINDOWS\System32\KERNEL32.DLL
0x00007ffd1b110000 - 0x00007ffd1b4ad000 	C:\WINDOWS\System32\KERNELBASE.dll
0x00007ffd1af30000 - 0x00007ffd1b045000 	C:\WINDOWS\System32\ucrtbase.dll
0x00007ffd0e0c0000 - 0x00007ffd0e0d9000 	C:\Program Files\Java\jdk-17\bin\jli.dll
0x00007ffd1c270000 - 0x00007ffd1c31e000 	C:\WINDOWS\System32\ADVAPI32.dll
0x00007ffd1c830000 - 0x00007ffd1c8d7000 	C:\WINDOWS\System32\msvcrt.dll
0x00007ffd1c4a0000 - 0x00007ffd1c546000 	C:\WINDOWS\System32\sechost.dll
0x00007ffd1b530000 - 0x00007ffd1b659000 	C:\WINDOWS\System32\RPCRT4.dll
0x00007ffd1ba20000 - 0x00007ffd1bbd0000 	C:\WINDOWS\System32\USER32.dll
0x00007ffd1b0e0000 - 0x00007ffd1b106000 	C:\WINDOWS\System32\win32u.dll
0x00007ffd1b660000 - 0x00007ffd1b688000 	C:\WINDOWS\System32\GDI32.dll
0x00007ffd1ae10000 - 0x00007ffd1af29000 	C:\WINDOWS\System32\gdi32full.dll
0x00007ffd1acb0000 - 0x00007ffd1ad49000 	C:\WINDOWS\System32\msvcp_win.dll
0x00007ffd0dfa0000 - 0x00007ffd0dfbb000 	C:\Program Files\Java\jdk-17\bin\VCRUNTIME140.dll
0x00007ffd042b0000 - 0x00007ffd04542000 	C:\WINDOWS\WinSxS\amd64_microsoft.windows.common-controls_6595b64144ccf1df_6.0.25267.1000_none_7aa5b59bf34adbaf\COMCTL32.dll
0x00007ffd12b30000 - 0x00007ffd12b3a000 	C:\WINDOWS\SYSTEM32\VERSION.dll
0x00007ffd1bbe0000 - 0x00007ffd1bc10000 	C:\WINDOWS\System32\IMM32.DLL
0x00007ffd0e1d0000 - 0x00007ffd0e1dc000 	C:\Program Files\Java\jdk-17\bin\vcruntime140_1.dll
0x00007ffce7360000 - 0x00007ffce73ee000 	C:\Program Files\Java\jdk-17\bin\msvcp140.dll
0x00007ffcb43d0000 - 0x00007ffcb4fb1000 	C:\Program Files\Java\jdk-17\bin\server\jvm.dll
0x00007ffd1d5a0000 - 0x00007ffd1d5a8000 	C:\WINDOWS\System32\PSAPI.DLL
0x00007ffcfbff0000 - 0x00007ffcfbff9000 	C:\WINDOWS\SYSTEM32\WSOCK32.dll
0x00007ffd1c410000 - 0x00007ffd1c47f000 	C:\WINDOWS\System32\WS2_32.dll
0x00007ffd13180000 - 0x00007ffd131b5000 	C:\WINDOWS\SYSTEM32\WINMM.dll
0x00007ffd19bf0000 - 0x00007ffd19c08000 	C:\WINDOWS\SYSTEM32\kernel.appcore.dll
0x00007ffd123b0000 - 0x00007ffd123ba000 	C:\Program Files\Java\jdk-17\bin\jimage.dll
0x00007ffd187e0000 - 0x00007ffd18a12000 	C:\WINDOWS\SYSTEM32\DBGHELP.DLL
0x00007ffd1b690000 - 0x00007ffd1ba14000 	C:\WINDOWS\System32\combase.dll
0x00007ffd1c750000 - 0x00007ffd1c828000 	C:\WINDOWS\System32\OLEAUT32.dll
0x00007ffd00260000 - 0x00007ffd00292000 	C:\WINDOWS\SYSTEM32\dbgcore.DLL
0x00007ffd1b050000 - 0x00007ffd1b0d4000 	C:\WINDOWS\System32\bcryptPrimitives.dll
0x00007ffd07580000 - 0x00007ffd075a5000 	C:\Program Files\Java\jdk-17\bin\java.dll

dbghelp: loaded successfully - version: 4.0.5 - missing functions: none
symbol engine: initialized successfully - sym options: 0x614 - pdb path: .;C:\Program Files\Java\jdk-17\bin;C:\WINDOWS\SYSTEM32;C:\WINDOWS\WinSxS\amd64_microsoft.windows.common-controls_6595b64144ccf1df_6.0.25267.1000_none_7aa5b59bf34adbaf;C:\Program Files\Java\jdk-17\bin\server

VM Arguments:
jvm_args: -Dfile.encoding=UTF-8 -Dstdout.encoding=UTF-8 -Dstderr.encoding=UTF-8 -XX:+ShowCodeDetailsInExceptionMessages 
java_command: com.example.SecureLogin.Main
java_class_path (initial): C:\Engineering Notes\installation\Eclipse Projects\SecureLogin\SecureLogin\target\classes;C:\Users\soham\.m2\repository\junit\junit\3.8.1\junit-3.8.1.jar;C:\Users\soham\.m2\repository\com\mysql\mysql-connector-j\8.0.33\mysql-connector-j-8.0.33.jar;C:\Users\soham\.m2\repository\com\google\protobuf\protobuf-java\3.21.9\protobuf-java-3.21.9.jar;C:\Users\soham\.m2\repository\org\mindrot\jbcrypt\0.4\jbcrypt-0.4.jar;C:\Users\soham\.m2\repository\com\sun\mail\javax.mail\1.6.2\javax.mail-1.6.2.jar;C:\Users\soham\.m2\repository\javax\activation\activation\1.1\activation-1.1.jar
Launcher Type: SUN_STANDARD

[Global flags]
     intx CICompilerCount                          = 3                                         {product} {ergonomic}
     uint ConcGCThreads                            = 1                                         {product} {ergonomic}
     uint G1ConcRefinementThreads                  = 4                                         {product} {ergonomic}
   size_t G1HeapRegionSize                         = 2097152                                   {product} {ergonomic}
    uintx GCDrainStackTargetSize                   = 64                                        {product} {ergonomic}
   size_t InitialHeapSize                          = 199229440                                 {product} {ergonomic}
   size_t MarkStackSize                            = 4194304                                   {product} {ergonomic}
   size_t MaxHeapSize                              = 3160408064                                {product} {ergonomic}
   size_t MinHeapDeltaBytes                        = 2097152                                   {product} {ergonomic}
   size_t MinHeapSize                              = 8388608                                   {product} {ergonomic}
    uintx NonNMethodCodeHeapSize                   = 5832780                                {pd product} {ergonomic}
    uintx NonProfiledCodeHeapSize                  = 122912730                              {pd product} {ergonomic}
    uintx ProfiledCodeHeapSize                     = 122912730                              {pd product} {ergonomic}
    uintx ReservedCodeCacheSize                    = 251658240                              {pd product} {ergonomic}
     bool SegmentedCodeCache                       = true                                      {product} {ergonomic}
     bool ShowCodeDetailsInExceptionMessages       = true                                   {manageable} {command line}
   size_t SoftMaxHeapSize                          = 3160408064                             {manageable} {ergonomic}
     bool UseCompressedClassPointers               = true                           {product lp64_product} {ergonomic}
     bool UseCompressedOops                        = true                           {product lp64_product} {ergonomic}
     bool UseG1GC                                  = true                                      {product} {ergonomic}
     bool UseLargePagesIndividualAllocation        = false                                  {pd product} {ergonomic}

Logging:
Log output configuration:
 #0: stdout all=warning uptime,level,tags
 #1: stderr all=off uptime,level,tags

Environment Variables:
JAVA_HOME=C:\Program Files\Java\jdk-17\bin
PATH=C:/Program Files/Java/jdk-17/bin/server;C:/Program Files/Java/jdk-17/bin;C:\ProgramData\Oracle\Java\javapath;C:\Program Files\Common Files\Oracle\Java\javapath;C:\WINDOWS;C:\WINDOWS\System32\Wbem;C:\WINDOWS\System32\WindowsPowerShell\v1.0\;C:\WINDOWS\System32\OpenSSH\;C:\Program Files\Cloudflare\Cloudflare WARP;C:\Program Files\dotnet\;C:\mingw64\bin;C:\mingw64;C:\Program Files\Cloudflare\Cloudflare WARP\;C:\Program Files\Java\jdk-19\bin;C:\Program Files\Java\jdk-17.0.1\bin;C:\Program Files (x86)\Java\jre1.8.0_361\bin;E:\Enginnering Notes\jdk-17;E:\Engineering Notes\Java Edureka\jdk-17\bin;C:\Engineering Notes\Java Edureka\jdk-17\bin;C:\Engineering Notes\mysql-connector-j-8.1.0;C:\Engineering Notes\apache-tomcat-9.0.78;C:\Windows\System32;"C:\Program Files\Java\jdk-17\bin;C:\Program Files\Maven\bin;C:\Windows\System32";C:\Engineering Notes\Git\cmd;C:\Users\soham\AppData\Local\Programs\Python\Launcher\;C:\Program Files\MySQL\MySQL Shell 8.0\bin\;C:\Users\soham\scoop\shims;C:\Users\soham\AppData\Local\Microsoft\WindowsApps;;C:\Users\soham\AppData\Local\Programs\Microsoft VS Code\bin;C:\Program Files\JetBrains\PyCharm Community Edition 2021.3.1\bin;C:\Users\soham\AppData\Local\Microsoft\WindowsApps;C:\WINDOWS\system32;
USERNAME=Soham A
OS=Windows_NT
PROCESSOR_IDENTIFIER=Intel64 Family 6 Model 142 Stepping 9, GenuineIntel



---------------  S Y S T E M  ---------------

OS:
 Windows 11 , 64 bit Build 25267 (10.0.25267.1000)
OS uptime: 10 days 14:42 hours
Hyper-V role detected

CPU: total 4 (initial active 4) (2 cores per cpu, 2 threads per core) family 6 model 142 stepping 9 microcode 0xec, cx8, cmov, fxsr, ht, mmx, 3dnowpref, sse, sse2, sse3, ssse3, sse4.1, sse4.2, popcnt, lzcnt, tsc, tscinvbit, avx, avx2, aes, erms, clmul, bmi1, bmi2, adx, fma, vzeroupper, clflush, clflushopt, hv

Memory: 4k page, system-wide physical 12050M (443M free)
TotalPageFile size 31639M (AvailPageFile size 99M)
current process WorkingSet (physical memory assigned to process): 11M, peak: 11M
current process commit charge ("private bytes"): 51M, peak: 241M

vm_info: Java HotSpot(TM) 64-Bit Server VM (17.0.9+11-LTS-201) for windows-amd64 JRE (17.0.9+11-LTS-201), built on Oct 10 2023 23:16:06 by "mach5one" with MS VC++ 17.1 (VS2022)

END.
